<?xml version="1.0" encoding="UTF-8"?>
<!-- Generated by org.testng.reporters.JUnitReportReporter -->
<testsuite hostname="Gauravs-Macbook-Air.local" failures="0" tests="1" name="TestClass.LoginTest" time="16.490" errors="0" timestamp="2024-06-05T16:25:57 IST" skipped="0">
  <testcase classname="TestClass.LoginTest" name="testCase1" time="16.490"/>
  <system-out/>
</testsuite> <!-- TestClass.LoginTest -->
