<?xml version="1.0" encoding="UTF-8"?>
<!-- Generated by org.testng.reporters.JUnitReportReporter -->
<testsuite hostname="Gauravs-Macbook-Air.local" failures="0" tests="3" name="RestAssured.ForApi" time="1.428" errors="0" timestamp="2024-06-03T21:44:21 IST" skipped="2">
  <testcase classname="RestAssured.ForApi" name="createOrder" time="1.428"/>
  <system-out/>
  <testcase classname="RestAssured.ForApi" name="login">
    <skipped/>
  </testcase> <!-- login -->
  <system-out/>
  <testcase classname="RestAssured.ForApi" name="addToCart">
    <skipped/>
  </testcase> <!-- addToCart -->
  <system-out/>
</testsuite> <!-- RestAssured.ForApi -->
